<?xml version="1.0" encoding="UTF-8"?>
<!-- Generated by org.testng.reporters.JUnitXMLReporter -->
<testsuite hostname="LTIN186256" ignored="0" tests="0" failures="0" timestamp="14 Apr 2023 04:56:34 GMT" time="0.007" errors="0">
  <testcase name="@BeforeSuite appLogin" time="3.329" classname="com.testcases.framework.Runner">
    <failure type="org.sikuli.script.FindFailed" message="C:/Images For Sikuli/BomgarDesktop.png: (86x97) in R[0,0 1920x1080]@S(0)">
      <![CDATA[FindFailed: C:/Images For Sikuli/BomgarDesktop.png: (86x97) in R[0,0 1920x1080]@S(0)
  Line 2226, in file Region.java

at org.sikuli.script.Region.wait(Region.java:2226)
at org.sikuli.script.Region.wait(Region.java:2244)
at org.sikuli.script.Region.getLocationFromTarget(Region.java:3298)
at org.sikuli.script.Region.doubleClick(Region.java:3964)
at org.sikuli.script.Region.doubleClick(Region.java:3949)
at cognizant.framework.pageobject.LandingPage.siKuliTestCase001(LandingPage.java:63)
at com.testcases.framework.Runner.appLogin(Runner.java:108)
... Removed 20 stack frames]]>
    </failure>
  </testcase> <!-- @BeforeSuite appLogin -->
</testsuite>
