<?xml version="1.0" encoding="UTF-8"?>
<!-- Generated by org.testng.reporters.JUnitXMLReporter -->
<testsuite hostname="LTIN252923" ignored="0" name="AutomationExecution" tests="2" failures="0" timestamp="2021-12-08T12:07:11 IST" time="75.556" errors="0">
  <testcase name="rpinCreateAnEmployee" time="23.037" classname="com.testcases.framework.TestCase_TH_001"/>
  <testcase name="rpinCreateAnEmployee" time="52.459" classname="com.testcases.framework.TestCaserPin001"/>
</testsuite> <!-- AutomationExecution -->
